<?xml version="1.0" encoding="UTF-8"?>
<!-- Generated by org.testng.reporters.JUnitReportReporter -->
<testsuite hostname="LAPTOP-00TCO18I" failures="0" tests="3" name="testPackage.method1" time="0.013" errors="0" timestamp="2022-01-19T00:02:18 IST" skipped="0">
  <testcase classname="testPackage.method1" name="day3" time="0.000"/>
  <system-out/>
  <testcase classname="testPackage.method1" name="day1" time="0.012"/>
  <system-out/>
  <testcase classname="testPackage.method1" name="day2" time="0.001"/>
  <system-out/>
</testsuite> <!-- testPackage.method1 -->
