<?xml version="1.0" encoding="UTF-8"?>
<!-- Generated by org.testng.reporters.JUnitReportReporter -->
<testsuite hostname="LAPTOP-00TCO18I" failures="0" tests="2" name="testPackage.method4" time="0.005" errors="0" timestamp="2022-01-19T00:19:09 IST" skipped="0">
  <testcase classname="testPackage.method4" name="month1" time="0.004"/>
  <system-out/>
  <testcase classname="testPackage.method4" name="month2" time="0.001"/>
  <system-out/>
</testsuite> <!-- testPackage.method4 -->
