<?xml version="1.0" encoding="UTF-8"?>
<!-- Generated by org.testng.reporters.JUnitReportReporter -->
<testsuite hostname="LAPTOP-00TCO18I" failures="0" tests="1" name="testPackage.method2" time="0.001" errors="0" timestamp="2021-09-11T12:01:37 IST" skipped="0">
  <testcase classname="testPackage.method2" name="day4" time="0.001"/>
  <system-out/>
</testsuite> <!-- testPackage.method2 -->
