<?xml version="1.0" encoding="UTF-8"?>
<!-- Generated by org.testng.reporters.JUnitReportReporter -->
<testsuite hostname="LAPTOP-00TCO18I" failures="0" tests="1" name="testPackage.method3" time="0.000" errors="0" timestamp="2021-09-11T12:01:37 IST" skipped="0">
  <testcase classname="testPackage.method3" name="day5" time="0.000"/>
  <system-out/>
</testsuite> <!-- testPackage.method3 -->
